<?xml version="1.0" encoding="UTF-8"?>
<!-- Generated by org.testng.reporters.JUnitReportReporter -->
<testsuite hostname="VenD" failures="0" tests="1" name="userRegistrationController.GETUser" time="1.872" errors="0" timestamp="19 Jun 2018 17:41:50 GMT" skipped="0">
  <testcase classname="userRegistrationController.GETUser" name="GetTest" time="1.872"/>
</testsuite> <!-- userRegistrationController.GETUser -->
