<?xml version="1.0" encoding="UTF-8"?>
<!-- Generated by org.testng.reporters.JUnitReportReporter -->
<testsuite hostname="VenD" failures="0" tests="1" name="userRegistrationController.POSTUser" time="3.934" errors="0" timestamp="20 Jun 2018 04:48:28 GMT" skipped="0">
  <testcase classname="userRegistrationController.POSTUser" name="PostTest" time="3.934"/>
</testsuite> <!-- userRegistrationController.POSTUser -->
