<?xml version="1.0" encoding="UTF-8"?>
<!-- Generated by org.testng.reporters.JUnitReportReporter -->
<testsuite hostname="VenD" failures="0" tests="1" name="userRegistrationController.PATCHlicense" time="0.595" errors="0" timestamp="19 Jun 2018 17:41:50 GMT" skipped="0">
  <testcase classname="userRegistrationController.PATCHlicense" name="PatchTest" time="0.595"/>
</testsuite> <!-- userRegistrationController.PATCHlicense -->
