<?xml version="1.0" encoding="UTF-8"?>
<!-- Generated by org.testng.reporters.JUnitReportReporter -->
<testsuite hostname="VenD" failures="0" tests="1" name="userRegistrationController.newExtraction" time="1.242" errors="0" timestamp="19 Jun 2018 17:41:50 GMT" skipped="0">
  <testcase classname="userRegistrationController.newExtraction" name="PutAndGet" time="1.242"/>
</testsuite> <!-- userRegistrationController.newExtraction -->
